app/build/outputs/mapping/release/seeds.txt
com.rhinoactive.foreorder_golf_employee.activities.MainActivity
com.rhinoactive.foreorder_golf_employee.receivers.ForeOrderLocationReceiver
com.rhinoactive.foreorder_golf_employee.utils.ForeOrderApp
com.rhinoactive.foreorder_golf_employee.activities.LoginActivity
com.rhinoactive.foreorder_golf_employee.fragments.MapFragment
com.rhinoactive.foreorder_golf_employee.activities.OrderActivity
com.rhinoactive.foreorder_golf_employee.views.MenuOptionsLayout
com.rhinoactive.foreorder_golf_employee.fragments.OrderListFragment
com.rhinoactive.foreorder_golf_employee.activities.ChangeClubActivity
com.rhinoactive.foreorder_golf_employee.activities.MainActivity$FragmentType: com.rhinoactive.foreorder_golf_employee.activities.MainActivity$FragmentType valueOf(java.lang.String)
com.rhinoactive.foreorder_golf_employee.activities.LoginActivity: void login(android.view.View)
com.rhinoactive.foreorder_golf_employee.activities.OrderActivity: OrderActivity()
com.rhinoactive.foreorder_golf_employee.adapter.OrderItemAdapter$OrderItemViewType: com.rhinoactive.foreorder_golf_employee.adapter.OrderItemAdapter$OrderItemViewType[] values()
com.rhinoactive.foreorder_golf_employee.activities.DrawerAppBarActivity: DrawerAppBarActivity()
com.rhinoactive.foreorder_golf_employee.activities.MainActivity: MainActivity()
com.rhinoactive.foreorder_golf_employee.fragments.OrderListFragment: OrderListFragment()
com.rhinoactive.foreorder_golf_employee.views.OrderOptionLayout: void setOptionText(com.rhinoactive.foreorder_golf_employee.models.OrderOption)
com.rhinoactive.foreorder_golf_employee.activities.MainActivity$FragmentType: com.rhinoactive.foreorder_golf_employee.activities.MainActivity$FragmentType[] values()
com.rhinoactive.foreorder_golf_employee.activities.ChangeClubActivity: ChangeClubActivity()
com.rhinoactive.foreorder_golf_employee.utils.ForeOrderApp: ForeOrderApp()
com.rhinoactive.foreorder_golf_employee.receivers.ForeOrderLocationReceiver: ForeOrderLocationReceiver()
com.rhinoactive.foreorder_golf_employee.adapter.OrderItemAdapter$OrderItemViewType: com.rhinoactive.foreorder_golf_employee.adapter.OrderItemAdapter$OrderItemViewType valueOf(java.lang.String)
com.rhinoactive.foreorder_golf_employee.activities.TrackUserLocationActivity: TrackUserLocationActivity()
com.rhinoactive.foreorder_golf_employee.utils.MenuOptionLayout: void setViews(com.rhinoactive.foreorder_golf_employee.models.Menu)
com.rhinoactive.foreorder_golf_employee.activities.LoginActivity: LoginActivity()
com.rhinoactive.foreorder_golf_employee.fragments.MapFragment: MapFragment()
com.rhinoactive.foreorder_golf_employee.activities.ToolbarActivity: ToolbarActivity()
com.rhinoactive.foreorder_golf_employee.views.MenuOptionsLayout: MenuOptionsLayout(android.content.Context,android.util.AttributeSet)
...
uk.co.chrisjenx.calligraphy.R$style: int Base_V21_Theme_AppCompat_Dialog
me.zhanghai.android.materialprogressbar.R$color: int notification_material_background_media_default_color
me.zhanghai.android.materialprogressbar.R$id: int dynamic
uk.co.chrisjenx.calligraphy.R$attr: int windowMinWidthMinor
me.zhanghai.android.materialprogressbar.R$layout: int abc_alert_dialog_material
me.zhanghai.android.materialprogressbar.R$styleable: int AppCompatTheme_dropdownListPreferredItemHeight
me.zhanghai.android.materialprogressbar.R$id: int right_side
me.zhanghai.android.materialprogressbar.MaterialProgressBar$TintInfo: boolean mHasSecondaryProgressTint
me.zhanghai.android.materialprogressbar.R$style: int Widget_AppCompat_SearchView_ActionBar
me.zhanghai.android.materialprogressbar.R$attr: int paddingEnd
me.zhanghai.android.materialprogressbar.R$style: int Base_V23_Theme_AppCompat
me.zhanghai.android.materialprogressbar.R$style: int Widget_AppCompat_Light_ActionBar_TabBar
uk.co.chrisjenx.calligraphy.R$style: int Base_Widget_AppCompat_ButtonBar_AlertDialog
uk.co.chrisjenx.calligraphy.R$styleable: int[] ColorStateListItem
me.zhanghai.android.materialprogressbar.R$attr: int fontProviderCerts
uk.co.chrisjenx.calligraphy.R$attr: int actionOverflowButtonStyle
me.zhanghai.android.materialprogressbar.R$style: int RtlUnderlay_Widget_AppCompat_ActionButton
uk.co.chrisjenx.calligraphy.R$styleable: int MenuGroup_android_id
me.zhanghai.android.materialprogressbar.R$attr: int divider
uk.co.chrisjenx.calligraphy.R$dimen: int abc_dialog_padding_material
me.zhanghai.android.materialprogressbar.R$drawable: int abc_spinner_mtrl_am_alpha
me.zhanghai.android.materialprogressbar.R$styleable: int[] ActionBarLayout
uk.co.chrisjenx.calligraphy.CalligraphyUtils$1: android.graphics.Typeface val$typeface
uk.co.chrisjenx.calligraphy.R$dimen: int abc_progress_bar_height_material
me.zhanghai.android.materialprogressbar.R$styleable: int ActionMode_closeItemLayout
me.zhanghai.android.materialprogressbar.R$styleable: int MenuItem_android_icon
uk.co.chrisjenx.calligraphy.R$drawable: int abc_tab_indicator_mtrl_alpha
com.google.android.gms.location.LocationRequest: android.os.Parcelable$Creator CREATOR
uk.co.chrisjenx.calligraphy.R$dimen: int highlight_alpha_material_light
me.zhanghai.android.materialprogressbar.R$style: int Theme_AppCompat_Light
me.zhanghai.android.materialprogressbar.R$attr: int showTitle
me.zhanghai.android.materialprogressbar.R$attr: int spinnerStyle
me.zhanghai.android.materialprogressbar.R$drawable: int abc_textfield_default_mtrl_alpha
me.zhanghai.android.materialprogressbar.MaterialProgressBar$TintInfo: android.graphics.PorterDuff$Mode mIndeterminateTintMode
io.realm.RealmFieldType: io.realm.RealmFieldType BINARY_LIST
me.zhanghai.android.materialprogressbar.R$styleable: int AppCompatTheme_listPreferredItemHeightLarge
uk.co.chrisjenx.calligraphy.R$styleable: int View_android_focusable
uk.co.chrisjenx.calligraphy.R$style: int Base_Widget_AppCompat_CompoundButton_RadioButton
uk.co.chrisjenx.calligraphy.R$string: int abc_action_bar_up_description
uk.co.chrisjenx.calligraphy.R$color: int abc_tint_edittext
uk.co.chrisjenx.calligraphy.R$styleable: int Spinner_popupTheme
me.zhanghai.android.materialprogressbar.R$styleable: int LinearLayoutCompat_android_baselineAlignedChildIndex
io.realm.exceptions.RealmFileException$Kind: io.realm.exceptions.RealmFileException$Kind BAD_HISTORY
me.zhanghai.android.materialprogressbar.R$styleable: int AppCompatTheme_checkboxStyle
me.zhanghai.android.materialprogressbar.R$styleable: int ListPopupWindow_android_dropDownVerticalOffset
uk.co.chrisjenx.calligraphy.R$drawable: int abc_ic_search_api_material
uk.co.chrisjenx.calligraphy.R$style: int Base_TextAppearance_AppCompat_Widget_DropDownItem
io.realm.internal.OsSharedRealm: io.realm.internal.RealmNotifier realmNotifier
com.onesignal.JobIntentService$JobServiceEngineImpl$WrapperWorkItem: android.app.job.JobWorkItem mJobWork