app/build/outputs/mapping/release/mapping.txt
# compiler: R8
# compiler_version: 3.0.76
# min_api: 21
# pg_map_id: b875e14
# common_typos_disable
com.rhinoactive.foreorder_golf_employee.activities.ChangeClubActivity -> com.rhinoactive.foreorder_golf_employee.activities.ChangeClubActivity:
    com.rhinoactive.foreorder_golf_employee.models.ClubMenus selectedClubMenus -> E
    void intClubList() -> Z
com.rhinoactive.foreorder_golf_employee.activities.DrawerAppBarActivity -> g6.a:
    androidx.drawerlayout.widget.DrawerLayout drawer -> F
    android.widget.TextView clubNameTextView -> G
    io.realm.Realm mRealm -> E
    android.widget.LinearLayout llayout_menu_name -> H
    com.rhinoactive.foreorder_golf_employee.views.MenuOptionsLayout menuOptionsLayout -> I
    void initToolbarViews() -> X
    androidx.drawerlayout.widget.DrawerLayout access$000(com.rhinoactive.foreorder_golf_employee.activities.DrawerAppBarActivity) -> Z
    com.rhinoactive.foreorder_golf_employee.views.MenuOptionsLayout access$100(com.rhinoactive.foreorder_golf_employee.activities.DrawerAppBarActivity) -> a0
    void initChangeClubButton() -> b0
    void initCustomHamburgerIcon() -> c0
    void initDrawerViews() -> d0
    void initLogoutButton() -> e0
    void initToolbar() -> f0
    void initToolbarTitleDropdown() -> g0
    void setCurrentClubTitleName() -> h0
    void setCurrentMenuTitleName() -> i0
    void setLegalDocLinks() -> j0
    void setMenuOptionsDropdown() -> k0
    void setMenuSelectorClickListener() -> l0
com.rhinoactive.foreorder_golf_employee.activities.DrawerAppBarActivity$1 -> g6.a$a:
    com.rhinoactive.foreorder_golf_employee.activities.DrawerAppBarActivity this$0 -> e
com.rhinoactive.foreorder_golf_employee.activities.DrawerAppBarActivity$2 -> g6.a$b:
    com.rhinoactive.foreorder_golf_employee.activities.DrawerAppBarActivity this$0 -> e
com.rhinoactive.foreorder_golf_employee.activities.DrawerAppBarActivity$3 -> g6.a$c:
    com.rhinoactive.foreorder_golf_employee.activities.DrawerAppBarActivity this$0 -> e
com.rhinoactive.foreorder_golf_employee.activities.DrawerAppBarActivity$4 -> g6.a$d:
    com.rhinoactive.foreorder_golf_employee.activities.DrawerAppBarActivity this$0 -> e
com.rhinoactive.foreorder_golf_employee.activities.DrawerAppBarActivity$5 -> g6.a$e:
    com.rhinoactive.foreorder_golf_employee.activities.DrawerAppBarActivity this$0 -> e
com.rhinoactive.foreorder_golf_employee.activities.DrawerAppBarActivity$6 -> g6.a$f:
    com.rhinoactive.foreorder_golf_employee.activities.DrawerAppBarActivity this$0 -> e
com.rhinoactive.foreorder_golf_employee.activities.LoginActivity -> com.rhinoactive.foreorder_golf_employee.activities.LoginActivity:
    android.widget.EditText passwordEditText -> F
    android.widget.EditText emailEditText -> E
    android.widget.Button loginButton -> G
    android.widget.LinearLayout loginLayout -> H
    android.widget.Button access$000(com.rhinoactive.foreorder_golf_employee.activities.LoginActivity) -> Z
    void checkPreviousSessionValidity() -> a0
    void enableLoginButton(boolean) -> b0
    void initLegalDocLinks() -> c0
    void initViews() -> d0
com.rhinoactive.foreorder_golf_employee.activities.LoginActivity$2 -> com.rhinoactive.foreorder_golf_employee.activities.LoginActivity$a:
    com.rhinoactive.foreorder_golf_employee.activities.LoginActivity this$0 -> e
com.rhinoactive.foreorder_golf_employee.activities.LoginActivity$3 -> com.rhinoactive.foreorder_golf_employee.activities.LoginActivity$b:
    boolean val$enabled -> e
    com.rhinoactive.foreorder_golf_employee.activities.LoginActivity this$0 -> f
com.rhinoactive.foreorder_golf_employee.activities.LoginActivity$5 -> com.rhinoactive.foreorder_golf_employee.activities.LoginActivity$c:
    com.rhinoactive.foreorder_golf_employee.activities.LoginActivity this$0 -> e
com.rhinoactive.foreorder_golf_employee.activities.LoginActivity$6 -> com.rhinoactive.foreorder_golf_employee.activities.LoginActivity$d:
    com.rhinoactive.foreorder_golf_employee.activities.LoginActivity this$0 -> e
...
kotlinx.coroutines.EventLoop -> f9.p0:
    long useCount -> f
    boolean shared -> g
    kotlinx.coroutines.internal.ArrayQueue unconfinedQueue -> h
    void decrementUseCount(boolean) -> J
    long delta(boolean) -> K
    void dispatchUnconfined(kotlinx.coroutines.DispatchedTask) -> L
    long getNextTime() -> M
    void incrementUseCount(boolean) -> N
    void incrementUseCount$default(kotlinx.coroutines.EventLoop,boolean,int,java.lang.Object) -> O
    boolean isUnconfinedLoopActive() -> P
    boolean isUnconfinedQueueEmpty() -> Q
    boolean processUnconfinedEvent() -> R
kotlinx.coroutines.EventLoopImplBase -> f9.q0:
    java.util.concurrent.atomic.AtomicReferenceFieldUpdater _delayed$FU -> j
    java.util.concurrent.atomic.AtomicReferenceFieldUpdater _queue$FU -> i
    void dispatch(kotlin.coroutines.CoroutineContext,java.lang.Runnable) -> G
    long getNextTime() -> M
    boolean access$isCompleted(kotlinx.coroutines.EventLoopImplBase) -> V
    void closeQueue() -> W
    java.lang.Runnable dequeue() -> X
    void enqueue(java.lang.Runnable) -> Y
    boolean enqueueImpl(java.lang.Runnable) -> Z
    boolean isCompleted() -> a0
    boolean isEmpty() -> b0
    long processNextEvent() -> c0
    void rescheduleAllDelayed() -> d0
    void resetAll() -> e0
    void schedule(long,kotlinx.coroutines.EventLoopImplBase$DelayedTask) -> f0
    int scheduleImpl(long,kotlinx.coroutines.EventLoopImplBase$DelayedTask) -> g0
    void setCompleted(boolean) -> h0
    boolean shouldUnpark(kotlinx.coroutines.EventLoopImplBase$DelayedTask) -> i0
kotlinx.coroutines.EventLoopImplBase$DelayedTask -> f9.q0$a:
    java.lang.Object _heap -> f
    long nanoTime -> e
    int index -> g
    void setIndex(int) -> a
    void dispose() -> c
    void setHeap(kotlinx.coroutines.internal.ThreadSafeHeap) -> d
    int getIndex() -> e
    kotlinx.coroutines.internal.ThreadSafeHeap getHeap() -> g
    int compareTo(kotlinx.coroutines.EventLoopImplBase$DelayedTask) -> h
    int scheduleTask(long,kotlinx.coroutines.EventLoopImplBase$DelayedTaskQueue,kotlinx.coroutines.EventLoopImplBase) -> i
    boolean timeToExecute(long) -> j
kotlinx.coroutines.EventLoopImplBase$DelayedTaskQueue -> f9.q0$b:
    long timeNow -> b
kotlinx.coroutines.EventLoopImplPlatform -> f9.r0:
    java.lang.Thread getThread() -> S
    void reschedule(long,kotlinx.coroutines.EventLoopImplBase$DelayedTask) -> T
    void unpark() -> U
kotlinx.coroutines.EventLoopKt -> f9.s0:
    kotlinx.coroutines.EventLoop createEventLoop() -> a
kotlinx.coroutines.EventLoop_commonKt -> f9.t0:
    kotlinx.coroutines.internal.Symbol DISPOSED_TASK -> a
    kotlinx.coroutines.internal.Symbol CLOSED_EMPTY -> b
    kotlinx.coroutines.internal.Symbol access$getCLOSED_EMPTY$p() -> a
    kotlinx.coroutines.internal.Symbol access$getDISPOSED_TASK$p() -> b
kotlinx.coroutines.ExecutorCoroutineDispatcher -> f9.u0:
kotlinx.coroutines.ExecutorCoroutineDispatcher$Key -> f9.u0$a:
kotlinx.coroutines.ExecutorCoroutineDispatcher$Key$1 -> f9.u0$a$a:
    kotlinx.coroutines.ExecutorCoroutineDispatcher$Key$1 INSTANCE -> e
    java.lang.Object invoke(java.lang.Object) -> e
    kotlinx.coroutines.ExecutorCoroutineDispatcher invoke(kotlin.coroutines.CoroutineContext$Element) -> f
kotlinx.coroutines.InactiveNodeList -> f9.v0:
    kotlinx.coroutines.NodeList list -> e
    boolean isActive() -> b
    kotlinx.coroutines.NodeList getList() -> g
kotlinx.coroutines.Incomplete -> f9.w0:
    boolean isActive() -> b
    kotlinx.coroutines.NodeList getList() -> g
kotlinx.coroutines.IncompleteStateBox -> f9.x0:
    kotlinx.coroutines.Incomplete state -> a
kotlinx.coroutines.InvokeOnCancelling -> f9.y0:
    kotlin.jvm.functions.Function1 handler -> i
    java.util.concurrent.atomic.AtomicIntegerFieldUpdater _invoked$FU -> j
    java.lang.Object invoke(java.lang.Object) -> e
    void invoke(java.lang.Throwable) -> t