app/build/outputs/mapping/release/usage.txt
com.rhinoactive.foreorder_golf_employee.BuildConfig
com.rhinoactive.foreorder_golf_employee.MyForeOrderApp
com.rhinoactive.foreorder_golf_employee.R$anim
com.rhinoactive.foreorder_golf_employee.R$animator
com.rhinoactive.foreorder_golf_employee.R$attr
com.rhinoactive.foreorder_golf_employee.R$bool
com.rhinoactive.foreorder_golf_employee.R$color
com.rhinoactive.foreorder_golf_employee.R$dimen
com.rhinoactive.foreorder_golf_employee.R$drawable
com.rhinoactive.foreorder_golf_employee.R$id
com.rhinoactive.foreorder_golf_employee.R$integer
com.rhinoactive.foreorder_golf_employee.R$interpolator
com.rhinoactive.foreorder_golf_employee.R$layout
com.rhinoactive.foreorder_golf_employee.R$mipmap
com.rhinoactive.foreorder_golf_employee.R$plurals
com.rhinoactive.foreorder_golf_employee.R$raw
com.rhinoactive.foreorder_golf_employee.R$string
com.rhinoactive.foreorder_golf_employee.R$style
com.rhinoactive.foreorder_golf_employee.R$styleable
com.rhinoactive.foreorder_golf_employee.R$xml
com.rhinoactive.foreorder_golf_employee.R
com.rhinoactive.foreorder_golf_employee.activities.ChangeClubActivity:
    public void confirmClub()
    public void onClubCheckedEvent(com.rhinoactive.foreorder_golf_employee.events.ClubCheckedEvent)
com.rhinoactive.foreorder_golf_employee.activities.LoginActivity$1
com.rhinoactive.foreorder_golf_employee.activities.LoginActivity$4
com.rhinoactive.foreorder_golf_employee.activities.LoginActivity:
    public void onLoginEvent(com.rhinoactive.foreorder_golf_employee.events.LoginEvent)
    public void onSessionValidCheck(com.rhinoactive.foreorder_library_android.events.SessionValidCheckEvent)
    private void proceedToMainActivity()
com.rhinoactive.foreorder_golf_employee.activities.MainActivity:
    public void onMenuChangedEvent(com.rhinoactive.foreorder_golf_employee.events.MenuSelectionChangedEvent)
    public void onMenuDownloadedEvent(com.rhinoactive.foreorder_golf_employee.events.MenusDownloadedEvent)
com.rhinoactive.foreorder_golf_employee.activities.OrderActivity$1
com.rhinoactive.foreorder_golf_employee.activities.OrderActivity:
    public static final java.lang.String ORDER_ID_JSON_KEY
    static synthetic boolean access$002(com.rhinoactive.foreorder_golf_employee.activities.OrderActivity,boolean)
    public void onCompleteOrderEvent(com.rhinoactive.foreorder_golf_employee.events.CompleteOrderEvent)
    public void onOrdersUpdatedEvent(com.rhinoactive.foreorder_golf_employee.events.OrdersUpdatedEvent)
    public void onReceivedOrderEvent(com.rhinoactive.foreorder_golf_employee.events.ReceivedOrderEvent)
    public void onUserLocationsChanged(com.rhinoactive.foreorder_golf_employee.events.UserLocationsUpdateEvent)
    private void updateUIReceivedOrder()
    private void updateUIToMatchTheLatestState()
com.rhinoactive.foreorder_golf_employee.activities.ToolbarActivity$ToolbarType
com.rhinoactive.foreorder_golf_employee.activities.externalactivities.ExternalActivity$1
com.rhinoactive.foreorder_golf_employee.activities.externalactivities.ExternalActivity
com.rhinoactive.foreorder_golf_employee.activities.externalactivities.activitieswithoutresult.ExternalActivityWithoutResult
com.rhinoactive.foreorder_golf_employee.activities.externalactivities.activitieswithoutresult.ExternalDirectionsActivity
com.rhinoactive.foreorder_golf_employee.activities.externalactivities.activitieswithoutresult.ExternalLinkActivity
com.rhinoactive.foreorder_golf_employee.activities.externalactivities.activitieswithoutresult.ExternalMapActivity
com.rhinoactive.foreorder_golf_employee.activities.externalactivities.activitieswithoutresult.ExternalPdfActivity
com.rhinoactive.foreorder_golf_employee.activities.externalactivities.activitieswithoutresult.ExternalPhoneActivity
com.rhinoactive.foreorder_golf_employee.activities.externalactivities.activitieswithresults.ExternalActivityWithResults
com.rhinoactive.foreorder_golf_employee.activities.externalactivities.activitieswithresults.ExternalCameraActivity
...
kotlin.ranges.RangesKt__RangesKt:
    public void <init>()
    private static final boolean contains(java.lang.Iterable,java.lang.Object)
    public static final kotlin.ranges.ClosedFloatingPointRange rangeTo(double,double)
    public static final kotlin.ranges.ClosedFloatingPointRange rangeTo(float,float)
    public static final kotlin.ranges.ClosedRange rangeTo(java.lang.Comparable,java.lang.Comparable)
kotlin.ranges.RangesKt___RangesKt:
    public void <init>()
    public static final synthetic boolean byteRangeContains(kotlin.ranges.ClosedRange,double)
    public static final synthetic boolean byteRangeContains(kotlin.ranges.ClosedRange,float)
    public static final boolean byteRangeContains(kotlin.ranges.ClosedRange,int)
    public static final boolean byteRangeContains(kotlin.ranges.ClosedRange,long)
    public static final boolean byteRangeContains(kotlin.ranges.ClosedRange,short)
    public static final byte coerceAtLeast(byte,byte)
    public static final double coerceAtLeast(double,double)
    public static final float coerceAtLeast(float,float)
    public static final java.lang.Comparable coerceAtLeast(java.lang.Comparable,java.lang.Comparable)
    public static final short coerceAtLeast(short,short)
    public static final byte coerceAtMost(byte,byte)
    public static final double coerceAtMost(double,double)
    public static final float coerceAtMost(float,float)
    public static final java.lang.Comparable coerceAtMost(java.lang.Comparable,java.lang.Comparable)
    public static final short coerceAtMost(short,short)
    public static final byte coerceIn(byte,byte,byte)
    public static final double coerceIn(double,double,double)
    public static final float coerceIn(float,float,float)
    public static final int coerceIn(int,kotlin.ranges.ClosedRange)
    public static final long coerceIn(long,long,long)
kotlin.ranges.UIntProgression$Companion
kotlin.ranges.UIntProgression
kotlin.ranges.UIntProgressionIterator
kotlin.ranges.UIntRange$Companion
kotlin.ranges.UIntRange
kotlin.ranges.ULongProgression$Companion
kotlin.ranges.ULongProgression
kotlin.ranges.ULongProgressionIterator
kotlin.ranges.ULongRange$Companion
kotlin.ranges.ULongRange
kotlin.ranges.URangesKt
kotlin.ranges.URangesKt___URangesKt
kotlin.reflect.GenericArrayTypeImpl
kotlin.reflect.KAnnotatedElement
kotlin.reflect.KCallable$DefaultImpls
kotlin.reflect.KCallable:
    public abstract java.lang.Object callBy(java.util.Map)
    public abstract java.lang.String getName()
    public abstract java.util.List getParameters()
    public abstract kotlin.reflect.KType getReturnType()
    public abstract java.util.List getTypeParameters()
    public abstract kotlin.reflect.KVisibility getVisibility()
    public abstract boolean isAbstract()
    public abstract boolean isFinal()
    public abstract boolean isOpen()
    public abstract boolean isSuspend()
kotlin.reflect.KClass$DefaultImpls
kotlin.reflect.KClass:
    public abstract boolean equals(java.lang.Object)
    public abstract java.util.Collection getConstructors()
    public abstract java.util.Collection getMembers()
    public abstract java.util.Collection getNestedClasses()
    public abstract java.lang.Object getObjectInstance()
    public abstract java.lang.String getQualifiedName()
    public abstract java.util.List getSealedSubclasses()
    public abstract java.lang.String getSimpleName()
    public abstract java.util.List getSupertypes()
    public abstract java.util.List getTypeParameters()
    public abstract kotlin.reflect.KVisibility getVisibility()
    public abstract int hashCode()
    public abstract boolean isAbstract()
    public abstract boolean isCompanion()
    public abstract boolean isData()
    public abstract boolean isFinal()
    public abstract boolean isFun()
    public abstract boolean isInner()
    public abstract boolean isInstance(java.lang.Object)
    public abstract boolean isOpen()
    public abstract boolean isSealed()
    public abstract boolean isValue()